<?xml version="1.0" encoding="UTF-8"?>
<testsuites name="Test Suite 1" time="10.052" tests="1" failures="0" errors="0">
   <testsuite name="Test Suite 1" tests="1" failures="0" errors="0" time="10.052" timestamp="2020-12-31 20:08:53" hostname="kh97 - Ja" id="Test Suites/Test Suite 1">
      <properties>
         <property name="deviceName" value=""/>
         <property name="devicePlatform" value=""/>
         <property name="logFolder" value="C:\\Users\\kh97\\Katalon Studio\\Projekt - Kamil Herchi\\Reports\\20201231_200844\\Test Suite 1\\20201231_200844"/>
         <property name="logFiles" value="C:\\Users\\kh97\\Katalon Studio\\Projekt - Kamil Herchi\\Reports\\20201231_200844\\Test Suite 1\\20201231_200844\\execution0.log"/>
         <property name="attachments" value=""/>
         <property name="hostName" value="kh97 - Ja"/>
         <property name="os" value="Windows 10 64bit"/>
         <property name="katalonVersion" value="7.7.2.205"/>
         <property name="browser" value="Chrome 87.0.4280.88"/>
         <property name="hostAddress" value="25.135.172.188"/>
         <property name="sessionId" value="cc29b419d8eb40d1695d47eb2fc6a2dc"/>
         <property name="seleniumVersion" value="3.141.59"/>
         <property name="proxyInformation" value="ProxyInformation { proxyOption=NO_PROXY, proxyServerType=HTTP, username=, password=********, proxyServerAddress=, proxyServerPort=0, executionList=&quot;&quot;, isApplyToDesiredCapabilities=true }"/>
         <property name="platform" value="Windows 10"/>
      </properties>
      <testcase name="Test Cases/Test Case 1" time="9.007" classname="Test Cases/Test Case 1" status="PASSED">
         <system-out><![CDATA[2020-12-31 20:08:54 - [TEST_CASE][PASSED] - Test Cases/Test Case 1: Test Cases/Test Case 1

2020-12-31 20:08:54 - [TEST_STEP][PASSED] - openBrowser(""): Browser is opened with url: ''

2020-12-31 20:08:54 - [MESSAGE][INFO] - Starting 'Chrome' driver

2020-12-31 20:08:54 - [MESSAGE][INFO] - Action delay is set to 0 milliseconds

2020-12-31 20:08:58 - [MESSAGE][PASSED] - Browser is opened with url: ''

2020-12-31 20:08:58 - [TEST_STEP][PASSED] - navigateToUrl("https://g1.gangsters.pl/rejestracja.html"): Navigate to 'https://g1.gangsters.pl/rejestracja.html' successfully

2020-12-31 20:08:59 - [MESSAGE][PASSED] - Navigate to 'https://g1.gangsters.pl/rejestracja.html' successfully

2020-12-31 20:08:59 - [TEST_STEP][PASSED] - setText(findTestObject("nick"), nick): Text 'Kataloniarz' is set on object 'Object Repository/nick'

2020-12-31 20:08:59 - [MESSAGE][PASSED] - Text 'Kataloniarz' is set on object 'Object Repository/nick'

2020-12-31 20:08:59 - [TEST_STEP][PASSED] - setEncryptedText(findTestObject("haslo"), haslo): Text ****** has been set on object 'Object Repository/haslo'

2020-12-31 20:09:00 - [MESSAGE][PASSED] - Text ****** has been set on object 'Object Repository/haslo'

2020-12-31 20:09:00 - [TEST_STEP][PASSED] - reje_el = getText(findTestObject("reje")): Text of object 'Object Repository/reje' is: 'REJESTRACJA'

2020-12-31 20:09:00 - [MESSAGE][PASSED] - Text of object 'Object Repository/reje' is: 'REJESTRACJA'

2020-12-31 20:09:00 - [TEST_STEP][PASSED] - assert reje == reje_el: null

2020-12-31 20:09:00 - [TEST_STEP][PASSED] - setEncryptedText(findTestObject("haslo_2"), haslo2): Text ****** has been set on object 'Object Repository/haslo_2'

2020-12-31 20:09:00 - [MESSAGE][PASSED] - Text ****** has been set on object 'Object Repository/haslo_2'

2020-12-31 20:09:00 - [TEST_STEP][PASSED] - setText(findTestObject("mail"), mail): Text 'kataloniarz@o2.pl' is set on object 'Object Repository/mail'

2020-12-31 20:09:01 - [MESSAGE][PASSED] - Text 'kataloniarz@o2.pl' is set on object 'Object Repository/mail'

2020-12-31 20:09:01 - [TEST_STEP][PASSED] - setText(findTestObject("mail_2"), mail_2): Text 'kataloniarz@o2.pl' is set on object 'Object Repository/mail_2'

2020-12-31 20:09:01 - [MESSAGE][PASSED] - Text 'kataloniarz@o2.pl' is set on object 'Object Repository/mail_2'

2020-12-31 20:09:01 - [TEST_STEP][PASSED] - click(findTestObject("avatar")): Object: 'Object Repository/avatar' is clicked on

2020-12-31 20:09:02 - [MESSAGE][PASSED] - Object: 'Object Repository/avatar' is clicked on

2020-12-31 20:09:02 - [TEST_STEP][PASSED] - click(findTestObject("regulamin")): Object: 'Object Repository/regulamin' is clicked on

2020-12-31 20:09:02 - [MESSAGE][PASSED] - Object: 'Object Repository/regulamin' is clicked on

2020-12-31 20:09:02 - [TEST_STEP][PASSED] - click(findTestObject("rejestracja")): Object: 'Object Repository/rejestracja' is clicked on

2020-12-31 20:09:03 - [MESSAGE][PASSED] - Object: 'Object Repository/rejestracja' is clicked on]]></system-out>
         <system-err><![CDATA[]]></system-err>
      </testcase>
      <system-out><![CDATA[2020-12-31 20:08:53 - [TEST_SUITE][PASSED] - Test Suite 1: Test Cases/Test Case 1]]></system-out>
      <system-err><![CDATA[]]></system-err>
   </testsuite>
</testsuites>
